<?xml version="1.0" encoding="UTF-8"?>
<!-- Generated by org.testng.reporters.JUnitReportReporter -->
<testsuite hostname="Cnu" name="com.TestNGAnnotations.Annotations3" tests="2" failures="0" timestamp="14 Jun 2019 06:31:16 GMT" time="0.031" errors="0">
  <testcase name="inBox" time="0.020" classname="com.TestNGAnnotations.Annotations3"/>
  <testcase name="sentMail" time="0.011" classname="com.TestNGAnnotations.Annotations3"/>
</testsuite> <!-- com.TestNGAnnotations.Annotations3 -->
