<?xml version="1.0" encoding="UTF-8"?>
<!-- Generated by org.testng.reporters.JUnitReportReporter -->
<testsuite hostname="Cnu" name="com.WindowHandling.Gmail_Help_CreateGoogleAcccount_Privacy_Click" tests="1" failures="0" timestamp="29 Jun 2019 14:19:06 GMT" time="18.540" errors="0">
  <testcase name="gmail" time="18.540" classname="com.WindowHandling.Gmail_Help_CreateGoogleAcccount_Privacy_Click"/>
</testsuite> <!-- com.WindowHandling.Gmail_Help_CreateGoogleAcccount_Privacy_Click -->
