<?xml version="1.0" encoding="UTF-8"?>
<!-- Generated by org.testng.reporters.JUnitReportReporter -->
<testsuite hostname="Cnu" name="com.TestNGAnnotations.Annotations2" tests="2" failures="0" timestamp="14 Jun 2019 06:19:17 GMT" time="0.031" errors="0">
  <testcase name="sentMail" time="0.015" classname="com.TestNGAnnotations.Annotations2"/>
  <testcase name="inBox" time="0.016" classname="com.TestNGAnnotations.Annotations2"/>
</testsuite> <!-- com.TestNGAnnotations.Annotations2 -->
