<?xml version="1.0" encoding="UTF-8"?>
<!-- Generated by org.testng.reporters.JUnitReportReporter -->
<testsuite hostname="Cnu" name="com.AutoIT.OrangeHRM_UploadImage" tests="3" failures="0" timestamp="26 Jun 2019 04:42:45 GMT" time="30.038" errors="0">
  <testcase name="logIn" time="4.220" classname="com.AutoIT.OrangeHRM_UploadImage"/>
  <testcase name="addEmployee" time="15.655" classname="com.AutoIT.OrangeHRM_UploadImage"/>
  <testcase name="pim" time="10.163" classname="com.AutoIT.OrangeHRM_UploadImage"/>
</testsuite> <!-- com.AutoIT.OrangeHRM_UploadImage -->
