<?xml version="1.0" encoding="UTF-8"?>
<!-- Generated by org.testng.reporters.JUnitReportReporter -->
<testsuite hostname="Cnu" name="com.DataDrivern.NewTours_LogInTest" tests="1" failures="0" timestamp="15 Jun 2019 05:51:07 GMT" time="6.512" errors="0">
  <testcase name="logIn" time="6.512" classname="com.DataDrivern.NewTours_LogInTest"/>
</testsuite> <!-- com.DataDrivern.NewTours_LogInTest -->
