<?xml version="1.0" encoding="UTF-8"?>
<!-- Generated by org.testng.reporters.JUnitReportReporter -->
<testsuite hostname="Cnu" name="com.TestNGAnnotations.Annotations1" tests="3" failures="0" timestamp="14 Jun 2019 06:03:50 GMT" time="0.058" errors="0">
  <testcase name="logIn" time="0.016" classname="com.TestNGAnnotations.Annotations1"/>
  <testcase name="sentMail" time="0.011" classname="com.TestNGAnnotations.Annotations1"/>
  <testcase name="lauchBrowserAndNavigateToYahooApplication" time="0.031" classname="com.TestNGAnnotations.Annotations1"/>
</testsuite> <!-- com.TestNGAnnotations.Annotations1 -->
