<?xml version="1.0" encoding="UTF-8"?>
<!-- Generated by org.testng.reporters.JUnitReportReporter -->
<testsuite hostname="Cnu" name="com.GRID.OrangeHRM_LogInTest" tests="2" failures="0" timestamp="25 Jun 2019 05:16:18 GMT" time="84.375" errors="0">
  <testcase name="LogInTest" time="27.627" classname="com.GRID.OrangeHRM_LogInTest"/>
  <testcase name="LogInTest" time="56.748" classname="com.GRID.OrangeHRM_LogInTest"/>
</testsuite> <!-- com.GRID.OrangeHRM_LogInTest -->
