<?xml version="1.0" encoding="UTF-8"?>
<!-- Generated by org.testng.reporters.JUnitReportReporter -->
<testsuite hostname="Cnu" name="com.DataDrivern.NewUserRegistration" tests="2" failures="0" timestamp="17 Jun 2019 07:07:43 GMT" time="205.299" errors="0">
  <testcase name="userRegistration" time="204.938" classname="com.DataDrivern.NewUserRegistration"/>
  <testcase name="register" time="0.361" classname="com.DataDrivern.NewUserRegistration"/>
</testsuite> <!-- com.DataDrivern.NewUserRegistration -->
