<?xml version="1.0" encoding="UTF-8"?>
<!-- Generated by org.testng.reporters.JUnitReportReporter -->
<testsuite hostname="Cnu" name="com.DataDrivern.BaseTest" tests="1" failures="0" timestamp="15 Jun 2019 05:40:39 GMT" time="6.555" errors="0">
  <testcase name="logIn" time="6.555" classname="com.DataDrivern.BaseTest"/>
</testsuite> <!-- com.DataDrivern.BaseTest -->
