<?xml version="1.0" encoding="UTF-8"?>
<!-- Generated by org.testng.reporters.JUnitReportReporter -->
<testsuite hostname="Cnu" name="com.DataDrivern.NewTours_LogInTest_TestData" tests="1" failures="0" timestamp="17 Jun 2019 07:07:43 GMT" time="20.432" errors="0">
  <testcase name="logIn" time="20.432" classname="com.DataDrivern.NewTours_LogInTest_TestData"/>
</testsuite> <!-- com.DataDrivern.NewTours_LogInTest_TestData -->
