<?xml version="1.0" encoding="UTF-8"?>
<!-- Generated by org.testng.reporters.JUnitReportReporter -->
<testsuite hostname="Cnu" name="com.OHRM.TestScripts.LogInTest" tests="1" failures="0" timestamp="29 Jun 2019 12:53:27 GMT" time="29.543" errors="0">
  <testcase name="logIn" time="29.543" classname="com.OHRM.TestScripts.LogInTest"/>
</testsuite> <!-- com.OHRM.TestScripts.LogInTest -->
