<?xml version="1.0" encoding="UTF-8"?>
<!-- Generated by org.testng.reporters.JUnitReportReporter -->
<testsuite hostname="Cnu" name="com.OHRM.NewTours_HomePage_Testing" tests="1" failures="0" timestamp="19 Jun 2019 07:57:28 GMT" time="10.158" errors="0">
  <testcase name="homePage" time="10.158" classname="com.OHRM.NewTours_HomePage_Testing"/>
</testsuite> <!-- com.OHRM.NewTours_HomePage_Testing -->
