<?xml version="1.0" encoding="UTF-8"?>
<!-- Generated by org.testng.reporters.JUnitReportReporter -->
<testsuite hostname="Cnu" name="com.POM.NewTours_HomePageTesting" tests="1" failures="0" timestamp="29 Jun 2019 08:35:21 GMT" time="13.016" errors="0">
  <testcase name="homePage" time="13.016" classname="com.POM.NewTours_HomePageTesting"/>
</testsuite> <!-- com.POM.NewTours_HomePageTesting -->
