<?xml version="1.0" encoding="UTF-8"?>
<!-- Generated by org.testng.reporters.JUnitReportReporter -->
<testsuite hostname="Cnu" name="com.NewTours.NewTours_LogInTest" tests="1" failures="0" timestamp="18 Jun 2019 06:06:35 GMT" time="101.261" errors="0">
  <testcase name="logIn" time="101.261" classname="com.NewTours.NewTours_LogInTest"/>
</testsuite> <!-- com.NewTours.NewTours_LogInTest -->
