<?xml version="1.0" encoding="UTF-8"?>
<!-- Generated by org.testng.reporters.JUnitReportReporter -->
<testsuite hostname="Cnu" name="com.OHRM.testScripts.TC_102" tests="1" failures="0" timestamp="29 Jun 2019 13:51:38 GMT" time="25.705" errors="0">
  <testcase name="addEmployee" time="25.705" classname="com.OHRM.testScripts.TC_102"/>
</testsuite> <!-- com.OHRM.testScripts.TC_102 -->
