<?xml version="1.0" encoding="UTF-8"?>
<!-- Generated by org.testng.reporters.JUnitReportReporter -->
<testsuite hostname="Cnu" name="com.OHRM.testScripts.TC_101" tests="1" failures="0" timestamp="29 Jun 2019 13:51:38 GMT" time="14.896" errors="0">
  <testcase name="logInTest" time="14.896" classname="com.OHRM.testScripts.TC_101"/>
</testsuite> <!-- com.OHRM.testScripts.TC_101 -->
