<?xml version="1.0" encoding="UTF-8"?>
<!-- Generated by org.testng.reporters.JUnitReportReporter -->
<testsuite skipped="0" hostname="Cnu" name="com.OHRM.LogInTest" tests="1" failures="0" timestamp="24 Jun 2019 05:57:52 GMT" time="2.977" errors="0">
  <testcase name="logIn" time="2.977" classname="com.OHRM.LogInTest"/>
</testsuite> <!-- com.OHRM.LogInTest -->
